2023-11-25 23:58:06,051 Guardian: CRITICAL A automação do Dante parou.
2023-11-25 23:59:04,705 Guardian: CRITICAL A automação do Dante parou.
2023-11-25 23:59:56,361 Guardian: CRITICAL A automação do Dante parou.
2023-11-26 00:02:06,612 Guardian: CRITICAL A automação do Dante parou.
2023-11-26 00:04:38,711 Guardian: CRITICAL A automação do Dante parou.
2023-11-26 00:05:04,651 Guardian: CRITICAL A automação do Dante parou.
2023-11-26 12:41:45,900 Guardian: ERROR read_file method from GSheetDataLoader: : [Errno 2] No such file or directory: 'G:\\Drives compartilhados\\Data & Performance\\Relatórios de Growth\\1 - PERFORMANCE\\funnel\\Cupom All.cssv'
2023-11-26 12:41:47,526 Guardian: CRITICAL A automação do Dante parou.
2023-11-26 17:57:44,739 Guardian: INFO load_to_gsheets from GSheetDataLoader: Cupom All 
                                         data was successfully loaded to Google Sheet.
2023-11-26 17:58:01,871 Guardian: INFO load_to_gsheets from GSheetDataLoader: Cupom All 
                                         data was successfully loaded to Google Sheet.
2023-11-26 18:00:21,229 Guardian: ERROR ProcessRunner: Error for Avanço do Dia Por Armazém SD in (Metabase Script). Execution time: 0 minutes and 14 seconds. Started at 18H:00M:06S and finished at 18H:00M:21S.
2023-11-26 20:28:44,893 Guardian: INFO load_to_gsheets from GSheetDataLoader: Cupom All 
                                         data was successfully loaded to Google Sheet.
2023-11-26 20:32:34,321 Guardian: INFO load_to_gsheets from GSheetDataLoader: Cupom All 
                                         data was successfully loaded to Google Sheet.
2023-11-26 20:32:34,321 Guardian: INFO load_to_gsheets from GSheetDataLoader: Cupom All 
                                         data was successfully loaded to Google Sheet.
2023-11-26 21:05:16,033 Guardian: INFO load_to_gsheets from GSheetDataLoader: Cupom All 
                                         data was successfully loaded to Google Sheet.
2023-11-27 19:12:32,251 Guardian: ERROR Exception from main module: list indices must be integers or slices, not tuple
2023-11-27 19:12:33,675 Guardian: CRITICAL A automação do Dante parou.
2023-11-27 19:15:43,835 Guardian: INFO load_to_gsheets from GSheetDataLoader: Funnel Audiência - Web data was successfully loaded to Google Sheet.
2023-11-27 19:15:48,007 Guardian: INFO load_to_gsheets from GSheetDataLoader: Funnel Audiência - IOS data was successfully loaded to Google Sheet.
2023-11-27 19:15:53,125 Guardian: INFO load_to_gsheets from GSheetDataLoader: Funnel Audiência - Android data was successfully loaded to Google Sheet.
2023-11-27 19:15:57,354 Guardian: INFO load_to_gsheets from GSheetDataLoader: Tabla Conversion Diária Br data was successfully loaded to Google Sheet.
2023-11-27 19:16:02,269 Guardian: INFO load_to_gsheets from GSheetDataLoader: Cupom All data was successfully loaded to Google Sheet.
2023-11-27 19:16:53,973 Guardian: INFO load_to_gsheets from GSheetDataLoader: Apps Flyer - Android data was successfully loaded to Google Sheet.
2023-11-27 19:17:33,666 Guardian: INFO load_to_gsheets from GSheetDataLoader: Apps Flyer - IOS data was successfully loaded to Google Sheet.
2023-11-27 19:20:11,113 Guardian: INFO load_to_gsheets from GSheetDataLoader: Cupom All data was successfully loaded to Google Sheet.
2023-11-27 19:26:12,698 Guardian: INFO load_to_gsheets from GSheetDataLoader: Gestão À Vista MX data was successfully loaded to Google Sheet.
2023-11-27 19:35:38,916 Guardian: ERROR Exception from main module: type object 'MachineInfo' has no attribute 'pathlang0'
2023-11-27 19:35:39,360 Guardian: CRITICAL A automação do Dante parou.
2023-11-27 19:37:23,288 Guardian: ERROR Exception from main module: type object 'MachineInfo' has no attribute 'pathlang0'
2023-11-27 19:37:24,397 Guardian: CRITICAL A automação do Dante parou.
2023-11-27 19:39:49,669 Guardian: INFO load_to_gsheets from GSheetDataLoader: Base LG data was successfully loaded to Google Sheet.
2023-11-27 19:47:24,812 Guardian: INFO load_to_gsheets from GSheetDataLoader: GMV Delivery - All Bases data was successfully loaded to Google Sheet.
2023-11-27 19:51:47,337 Guardian: INFO load_to_gsheets from GSheetDataLoader: Base LG data was successfully loaded to Google Sheet.
2023-11-27 19:53:28,915 Guardian: INFO load_to_gsheets from GSheetDataLoader: Cupom All - MX data was successfully loaded to Google Sheet.
2023-12-20 09:29:26,147 Guardian: ERROR download method from GSheetsToFile: : 'function' object has no attribute 'to_excel'
2023-12-20 09:30:57,141 Guardian: ERROR download method from GSheetsToFile: : 'function' object has no attribute 'to_excel'
2023-12-20 09:31:30,846 Guardian: ERROR download method from GSheetsToFile: : 'function' object has no attribute 'to_excel'
2023-12-20 10:35:54,630 Guardian: ERROR Exception from main module: [Errno 2] No such file or directory: ''
2023-12-20 10:35:55,931 Guardian: CRITICAL A automação do Dante parou.
2023-12-20 10:59:02,653 Guardian: INFO Workdays Mode
2023-12-20 11:22:14,116 Guardian: ERROR Exception from main module: list indices must be integers or slices, not tuple
2023-12-20 11:22:15,088 Guardian: CRITICAL A automação do Dante parou.
2023-12-20 11:22:57,338 Guardian: ERROR Exception from main module: list indices must be integers or slices, not tuple
2023-12-20 11:22:57,645 Guardian: CRITICAL A automação do Dante parou.
2023-12-20 11:25:15,803 Guardian: ERROR Exception from main module: SnowFlakeToDF.df_to_csv() got an unexpected keyword argument 'sep'
2023-12-20 11:25:16,158 Guardian: CRITICAL A automação do Dante parou.
2023-12-20 11:26:40,218 Guardian: ERROR Exception from main module: 'SnowFlakeToDF' object has no attribute 'to_csv'
2023-12-20 11:26:40,579 Guardian: CRITICAL A automação do Dante parou.
2023-12-20 11:29:27,523 Guardian: ERROR create_df method from SnowFlakeToDF: Execution failed on sql 'SELECT * FROM BR_JUSTO_PROD.SANDBOX.AMICCI_STOCK   WHERE DATE = 2023-07-01;': ('22018', "[22018] Numeric value '2023-03-22' is not recognized (100038) (SQLExecDirectW)")
2023-12-20 11:29:28,704 Guardian: ERROR df_to_csv method from SnowFlakeToDF: Dataframe is none
2023-12-20 11:29:30,790 Guardian: ERROR create_df method from SnowFlakeToDF: Execution failed on sql 'SELECT * FROM BR_JUSTO_PROD.SANDBOX.AMICCI_SELLOUT WHERE DATE = 2023-07-01;': ('22018', "[22018] Numeric value '2023-04-01' is not recognized (100038) (SQLExecDirectW)")
2023-12-20 11:29:31,106 Guardian: ERROR df_to_csv method from SnowFlakeToDF: Dataframe is none
2023-12-20 11:29:32,917 Guardian: INFO Workdays Mode
2023-12-20 11:31:53,022 Guardian: INFO Workdays Mode
2023-12-20 11:39:15,909 Guardian: ERROR Exception from main module: 'SecInfo' object has no attribute 'a_sellin'
2023-12-20 11:39:16,895 Guardian: CRITICAL A automação do Dante parou.
2023-12-20 11:40:11,508 Guardian: ERROR create_df method from SnowFlakeToDF: Execution failed on sql 'SELECT * FROM None  WHERE DATE = '2023-07-01';': ('42S02', "[42S02] SQL compilation error:\nObject 'NONE' does not exist or not authorized. (2003) (SQLExecDirectW)")
2023-12-20 11:40:11,830 Guardian: ERROR df_to_csv method from SnowFlakeToDF: Dataframe is none
2023-12-20 12:04:39,061 Guardian: INFO Workdays Mode
2023-12-20 15:19:51,209 Guardian: ERROR Exception from main module: [Errno 2] No such file or directory: ''
2023-12-20 15:19:52,255 Guardian: CRITICAL A automação do Dante parou.
2023-12-20 20:08:10,635 Guardian: INFO Workdays Mode
2023-12-20 20:11:16,433 Guardian: INFO ProcessRunner: Dias Esgotados extraction started at 20H:10M:40S finished at 20H:11M:16S. Execution time: 0 minutes and 35 seconds.
2023-12-20 20:12:40,134 Guardian: INFO ProcessRunner: Dias Esgotados extraction started at 20H:12M:04S finished at 20H:12M:40S. Execution time: 0 minutes and 36 seconds.
2023-12-20 20:12:40,176 Guardian: INFO Workdays Mode
2023-12-20 23:15:38,944 Guardian: INFO load_to_gsheets from GSheetDataLoader: Survey Master BR CX CSAT BR data was successfully extracted from Google Sheet.
2023-12-20 23:47:50,007 Guardian: INFO load_to_gsheets from GSheetDataLoader: Survey Master BR CX CSAT BR data was successfully extracted from Google Sheet.
2023-12-20 23:47:54,939 Guardian: INFO load_to_gsheets from GSheetDataLoader: Merma São Domingos 2023 data was successfully extracted from Google Sheet.
2023-12-20 23:47:58,332 Guardian: INFO load_to_gsheets from GSheetDataLoader: NPS - Disparos Via WhatsApp data was successfully extracted from Google Sheet.
2023-12-20 23:48:09,032 Guardian: INFO load_to_gsheets from GSheetDataLoader: Validações De Cupons Não Classificados data was successfully extracted from Google Sheet.
2023-12-20 23:48:19,837 Guardian: INFO load_to_gsheets from GSheetDataLoader: Perda Merma Atual data was successfully extracted from Google Sheet.
2023-12-20 23:48:23,691 Guardian: INFO load_to_gsheets from GSheetDataLoader: Validações De Cupons Não Classificados - MX data was successfully extracted from Google Sheet.
2023-12-20 23:49:21,507 Guardian: INFO load_to_gsheets from GSheetDataLoader: Survey Master BR CX CSAT BR data was successfully extracted from Google Sheet.
2023-12-20 23:49:23,897 Guardian: INFO load_to_gsheets from GSheetDataLoader: Merma São Domingos 2023 data was successfully extracted from Google Sheet.
2023-12-20 23:49:26,152 Guardian: INFO load_to_gsheets from GSheetDataLoader: NPS - Disparos Via WhatsApp data was successfully extracted from Google Sheet.
2023-12-20 23:49:33,579 Guardian: INFO load_to_gsheets from GSheetDataLoader: Validações De Cupons Não Classificados data was successfully extracted from Google Sheet.
2023-12-20 23:49:39,734 Guardian: INFO load_to_gsheets from GSheetDataLoader: Perda Merma Atual data was successfully extracted from Google Sheet.
2023-12-20 23:49:43,379 Guardian: INFO load_to_gsheets from GSheetDataLoader: Validações De Cupons Não Classificados - MX data was successfully extracted from Google Sheet.
2023-12-20 23:50:30,088 Guardian: INFO load_to_gsheets from GSheetDataLoader: Survey Master BR CX CSAT BR data was successfully extracted from Google Sheet.
2023-12-20 23:51:12,666 Guardian: INFO load_to_gsheets from GSheetDataLoader: Survey Master BR CX CSAT BR data was successfully extracted from Google Sheet.
2023-12-20 23:51:43,653 Guardian: INFO load_to_gsheets from GSheetDataLoader: Survey Master BR CX CSAT BR data was successfully extracted from Google Sheet.
2023-12-20 23:51:45,954 Guardian: INFO load_to_gsheets from GSheetDataLoader: Merma São Domingos 2023 data was successfully extracted from Google Sheet.
2023-12-20 23:51:48,496 Guardian: INFO load_to_gsheets from GSheetDataLoader: NPS - Disparos Via WhatsApp data was successfully extracted from Google Sheet.
2023-12-20 23:51:57,420 Guardian: INFO load_to_gsheets from GSheetDataLoader: Validações De Cupons Não Classificados data was successfully extracted from Google Sheet.
2023-12-20 23:52:03,387 Guardian: INFO load_to_gsheets from GSheetDataLoader: Perda Merma Atual data was successfully extracted from Google Sheet.
2023-12-20 23:52:06,436 Guardian: INFO load_to_gsheets from GSheetDataLoader: Validações De Cupons Não Classificados - MX data was successfully extracted from Google Sheet.
2023-12-20 23:56:00,949 Guardian: INFO load_to_gsheets from GSheetDataLoader: Survey Master BR CX CSAT BR data was successfully extracted from Google Sheet.
2023-12-20 23:56:03,263 Guardian: INFO load_to_gsheets from GSheetDataLoader: Merma São Domingos 2023 data was successfully extracted from Google Sheet.
2023-12-20 23:56:05,870 Guardian: INFO load_to_gsheets from GSheetDataLoader: NPS - Disparos Via WhatsApp data was successfully extracted from Google Sheet.
2023-12-20 23:56:14,589 Guardian: INFO load_to_gsheets from GSheetDataLoader: Validações De Cupons Não Classificados data was successfully extracted from Google Sheet.
2023-12-20 23:56:21,448 Guardian: INFO load_to_gsheets from GSheetDataLoader: Perda Merma Atual data was successfully extracted from Google Sheet.
2023-12-20 23:56:26,040 Guardian: INFO load_to_gsheets from GSheetDataLoader: Validações De Cupons Não Classificados - MX data was successfully extracted from Google Sheet.
2023-12-21 00:03:32,656 Guardian: ERROR Exception from main module: Page closed
=========================== logs ===========================
waiting for locator("[title=\"Download this data\"]") to be visible
============================================================
2023-12-21 00:03:33,194 Guardian: CRITICAL A automação do Dante parou.
2023-12-21 00:05:01,440 Guardian: INFO ProcessRunner: Dias Esgotados extraction started at 00H:04M:53S finished at 00H:05M:01S. Execution time: 0 minutes and 7 seconds.
2023-12-21 00:05:17,531 Guardian: INFO ProcessRunner: Dias Esgotados extraction started at 00H:05M:05S finished at 00H:05M:17S. Execution time: 0 minutes and 12 seconds.
2023-12-21 00:05:17,562 Guardian: INFO Workdays Mode
